# JRE version: OpenJDK Runtime Environment Temurin-17.0.3+7 (17.0.3+7) (build 17.0.3+7)
# Java VM: OpenJDK 64-Bit Server VM Temurin-17.0.3+7 (17.0.3+7, mixed mode, tiered, compressed oops, compressed class ptrs, g1 gc, windows-amd64)
GC Precious Log:
 CPUs: 12 total, 12 available
 Memory: 32686M
 Large Page Support: Disabled
 NUMA Support: Disabled
 Compressed Oops: Enabled (Zero based)
 Heap Region Size: 4M
 Heap Min Capacity: 8M
 Heap Initial Capacity: 512M
 Heap Max Capacity: 8172M
 Pre-touch: Disabled
 Parallel Workers: 10
 Concurrent Workers: 3
 Concurrent Refinement Workers: 10
 Periodic GC: Disabled
Heap:
 garbage-first heap   total 57344K, used 20845K [0x0000000601400000, 0x0000000800000000)
  region size 4096K, 2 young (8192K), 1 survivors (4096K)
 Metaspace       used 44201K, committed 44544K, reserved 1089536K
  class space    used 5684K, committed 5824K, reserved 1048576K
GC Heap History (20 events):
Event: 0.686 GC heap before
{Heap before GC invocations=0 (full 0):
 garbage-first heap   total 524288K, used 24576K [0x0000000601400000, 0x0000000800000000)
  region size 4096K, 6 young (24576K), 0 survivors (0K)
 Metaspace       used 14734K, committed 14912K, reserved 1064960K
  class space    used 1605K, committed 1728K, reserved 1048576K
}
Event: 0.690 GC heap after
{Heap after GC invocations=1 (full 0):
 garbage-first heap   total 524288K, used 7782K [0x0000000601400000, 0x0000000800000000)
  region size 4096K, 1 young (4096K), 1 survivors (4096K)
 Metaspace       used 14734K, committed 14912K, reserved 1064960K
  class space    used 1605K, committed 1728K, reserved 1048576K
}
Event: 0.999 GC heap before
{Heap before GC invocations=1 (full 0):
 garbage-first heap   total 524288K, used 28262K [0x0000000601400000, 0x0000000800000000)
  region size 4096K, 6 young (24576K), 1 survivors (4096K)
 Metaspace       used 19721K, committed 19968K, reserved 1073152K
  class space    used 2288K, committed 2432K, reserved 1048576K
}
Event: 1.002 GC heap after
{Heap after GC invocations=2 (full 0):
 garbage-first heap   total 524288K, used 9397K [0x0000000601400000, 0x0000000800000000)
  region size 4096K, 1 young (4096K), 1 survivors (4096K)
 Metaspace       used 19721K, committed 19968K, reserved 1073152K
  class space    used 2288K, committed 2432K, reserved 1048576K
}
Event: 1.077 GC heap before
{Heap before GC invocations=2 (full 0):
 garbage-first heap   total 524288K, used 17589K [0x0000000601400000, 0x0000000800000000)
  region size 4096K, 4 young (16384K), 1 survivors (4096K)
 Metaspace       used 21330K, committed 21504K, reserved 1073152K
  class space    used 2527K, committed 2624K, reserved 1048576K
}
Event: 1.079 GC heap after
{Heap after GC invocations=3 (full 0):
 garbage-first heap   total 524288K, used 9788K [0x0000000601400000, 0x0000000800000000)
  region size 4096K, 1 young (4096K), 1 survivors (4096K)
 Metaspace       used 21330K, committed 21504K, reserved 1073152K
  class space    used 2527K, committed 2624K, reserved 1048576K
}
Event: 1.343 GC heap before
{Heap before GC invocations=4 (full 0):
 garbage-first heap   total 57344K, used 34364K [0x0000000601400000, 0x0000000800000000)
  region size 4096K, 8 young (32768K), 1 survivors (4096K)
 Metaspace       used 27686K, committed 27968K, reserved 1081344K
  class space    used 3332K, committed 3456K, reserved 1048576K
}
Event: 1.345 GC heap after
{Heap after GC invocations=5 (full 0):
 garbage-first heap   total 57344K, used 11471K [0x0000000601400000, 0x0000000800000000)
  region size 4096K, 1 young (4096K), 1 survivors (4096K)
 Metaspace       used 27686K, committed 27968K, reserved 1081344K
  class space    used 3332K, committed 3456K, reserved 1048576K
}
Event: 1.576 GC heap before
{Heap before GC invocations=5 (full 0):
 garbage-first heap   total 57344K, used 27855K [0x0000000601400000, 0x0000000800000000)
  region size 4096K, 6 young (24576K), 1 survivors (4096K)
 Metaspace       used 30178K, committed 30464K, reserved 1081344K
  class space    used 3639K, committed 3776K, reserved 1048576K
}
Event: 1.579 GC heap after
{Heap after GC invocations=6 (full 0):
 garbage-first heap   total 57344K, used 13112K [0x0000000601400000, 0x0000000800000000)
  region size 4096K, 1 young (4096K), 1 survivors (4096K)
 Metaspace       used 30178K, committed 30464K, reserved 1081344K
  class space    used 3639K, committed 3776K, reserved 1048576K
}
Event: 1.836 GC heap before
{Heap before GC invocations=6 (full 0):
 garbage-first heap   total 57344K, used 33592K [0x0000000601400000, 0x0000000800000000)
  region size 4096K, 6 young (24576K), 1 survivors (4096K)
 Metaspace       used 31817K, committed 32128K, reserved 1081344K
  class space    used 3840K, committed 3968K, reserved 1048576K
}
Event: 1.838 GC heap after
{Heap after GC invocations=7 (full 0):
 garbage-first heap   total 57344K, used 13882K [0x0000000601400000, 0x0000000800000000)
  region size 4096K, 1 young (4096K), 1 survivors (4096K)
 Metaspace       used 31817K, committed 32128K, reserved 1081344K
  class space    used 3840K, committed 3968K, reserved 1048576K
}
Event: 2.387 GC heap before
{Heap before GC invocations=7 (full 0):
 garbage-first heap   total 57344K, used 34362K [0x0000000601400000, 0x0000000800000000)
  region size 4096K, 6 young (24576K), 1 survivors (4096K)
 Metaspace       used 34646K, committed 34944K, reserved 1081344K
  class space    used 4349K, committed 4480K, reserved 1048576K
}
Event: 2.389 GC heap after
{Heap after GC invocations=8 (full 0):
 garbage-first heap   total 57344K, used 15151K [0x0000000601400000, 0x0000000800000000)
  region size 4096K, 1 young (4096K), 1 survivors (4096K)
 Metaspace       used 34646K, committed 34944K, reserved 1081344K
  class space    used 4349K, committed 4480K, reserved 1048576K
}
Event: 2.522 GC heap before
{Heap before GC invocations=8 (full 0):
 garbage-first heap   total 57344K, used 23343K [0x0000000601400000, 0x0000000800000000)
  region size 4096K, 4 young (16384K), 1 survivors (4096K)
 Metaspace       used 35856K, committed 36096K, reserved 1081344K
  class space    used 4526K, committed 4672K, reserved 1048576K
}
Event: 2.524 GC heap after
{Heap after GC invocations=9 (full 0):
 garbage-first heap   total 57344K, used 15980K [0x0000000601400000, 0x0000000800000000)
  region size 4096K, 1 young (4096K), 1 survivors (4096K)
 Metaspace       used 35856K, committed 36096K, reserved 1081344K
  class space    used 4526K, committed 4672K, reserved 1048576K
}
Event: 2.864 GC heap before
{Heap before GC invocations=10 (full 0):
 garbage-first heap   total 57344K, used 36460K [0x0000000601400000, 0x0000000800000000)
  region size 4096K, 6 young (24576K), 1 survivors (4096K)
 Metaspace       used 38795K, committed 39040K, reserved 1089536K
  class space    used 5005K, committed 5120K, reserved 1048576K
}
Event: 2.867 GC heap after
{Heap after GC invocations=11 (full 0):
 garbage-first heap   total 57344K, used 17983K [0x0000000601400000, 0x0000000800000000)
  region size 4096K, 1 young (4096K), 1 survivors (4096K)
 Metaspace       used 38795K, committed 39040K, reserved 1089536K
  class space    used 5005K, committed 5120K, reserved 1048576K
}
Event: 3.113 GC heap before
{Heap before GC invocations=11 (full 0):
 garbage-first heap   total 57344K, used 38463K [0x0000000601400000, 0x0000000800000000)
  region size 4096K, 6 young (24576K), 1 survivors (4096K)
 Metaspace       used 41477K, committed 41792K, reserved 1089536K
  class space    used 5300K, committed 5440K, reserved 1048576K
}
Event: 3.117 GC heap after
{Heap after GC invocations=12 (full 0):
 garbage-first heap   total 57344K, used 19868K [0x0000000601400000, 0x0000000800000000)
  region size 4096K, 1 young (4096K), 1 survivors (4096K)
 Metaspace       used 41477K, committed 41792K, reserved 1089536K
  class space    used 5300K, committed 5440K, reserved 1048576K
}

